<?xml version="1.0" encoding="UTF-8"?>
<testng-results ignored="0" total="2" passed="2" failed="0" skipped="0">
  <reporter-output>
  </reporter-output>
  <suite started-at="2024-04-05T10:23:40 PDT" name="Default suite" finished-at="2024-04-05T10:23:41 PDT" duration-ms="271">
    <groups>
    </groups>
    <test started-at="2024-04-05T10:23:40 PDT" name="Default test" finished-at="2024-04-05T10:23:41 PDT" duration-ms="271">
      <class name="com.allianz.test.LoginUITest">
        <test-method signature="appLoginDecriptionTest()[pri:0, instance:com.allianz.test.LoginUITest@3cebbb30]" started-at="2024-04-05T10:23:40 PDT" name="appLoginDecriptionTest" finished-at="2024-04-05T10:23:40 PDT" duration-ms="29" status="PASS">
          <reporter-output>
          </reporter-output>
        </test-method> <!-- appLoginDecriptionTest -->
        <test-method signature="titleTest()[pri:0, instance:com.allianz.test.LoginUITest@3cebbb30]" started-at="2024-04-05T10:23:40 PDT" name="titleTest" finished-at="2024-04-05T10:23:41 PDT" duration-ms="30" status="PASS">
          <reporter-output>
          </reporter-output>
        </test-method> <!-- titleTest -->
      </class> <!-- com.allianz.test.LoginUITest -->
    </test> <!-- Default test -->
  </suite> <!-- Default suite -->
</testng-results>
