<?xml version="1.0" encoding="UTF-8"?>
<testng-results ignored="0" total="1" passed="1" failed="0" skipped="0">
  <reporter-output>
  </reporter-output>
  <suite started-at="2024-04-17T23:19:12 PDT" name="Default suite" finished-at="2024-04-17T23:19:32 PDT" duration-ms="20718">
    <groups>
    </groups>
    <test started-at="2024-04-17T23:19:12 PDT" name="Default test" finished-at="2024-04-17T23:19:32 PDT" duration-ms="20718">
      <class name="com.allianz.test.AddEmployeeTest">
        <test-method is-config="true" signature="setup()[pri:0, instance:com.allianz.test.AddEmployeeTest@2d710f1a]" started-at="2024-04-17T23:19:12 PDT" name="setup" finished-at="2024-04-17T23:19:24 PDT" duration-ms="11870" status="PASS">
          <reporter-output>
          </reporter-output>
        </test-method> <!-- setup -->
        <test-method signature="uploadInvalidDisplayPictureTest()[pri:0, instance:com.allianz.test.AddEmployeeTest@2d710f1a]" started-at="2024-04-17T23:19:24 PDT" name="uploadInvalidDisplayPictureTest" finished-at="2024-04-17T23:19:32 PDT" duration-ms="8311" status="PASS">
          <reporter-output>
          </reporter-output>
        </test-method> <!-- uploadInvalidDisplayPictureTest -->
        <test-method is-config="true" signature="teardown()[pri:0, instance:com.allianz.test.AddEmployeeTest@2d710f1a]" started-at="2024-04-17T23:19:32 PDT" name="teardown" finished-at="2024-04-17T23:19:32 PDT" duration-ms="389" status="PASS">
          <reporter-output>
          </reporter-output>
        </test-method> <!-- teardown -->
      </class> <!-- com.allianz.test.AddEmployeeTest -->
    </test> <!-- Default test -->
  </suite> <!-- Default suite -->
</testng-results>
